{"/Users/chrismitchell/mobile_app/lib/security/desist-mobile-security/src/index.ts": {"path":"/Users/chrismitchell/mobile_app/lib/security/desist-mobile-security/src/index.ts","statementMap":{"0":{"start":{"line":1,"column":0},"end":{"line":1,"column":9}},"1":{"start":{"line":1,"column":9},"end":{"line":1,"column":55}},"2":{"start":{"line":2,"column":0},"end":{"line":2,"column":9}},"3":{"start":{"line":2,"column":9},"end":{"line":2,"column":63}},"4":{"start":{"line":3,"column":0},"end":{"line":3,"column":30}},"5":{"start":{"line":5,"column":0},"end":{"line":5,"column":55}},"6":{"start":{"line":6,"column":0},"end":{"line":6,"column":63}},"7":{"start":{"line":17,"column":4},"end":{"line":17,"column":70}},"8":{"start":{"line":18,"column":4},"end":{"line":18,"column":82}},"9":{"start":{"line":25,"column":4},"end":{"line":25,"column":34}},"10":{"start":{"line":32,"column":4},"end":{"line":32,"column":38}},"11":{"start":{"line":43,"column":4},"end":{"line":74,"column":5}},"12":{"start":{"line":45,"column":23},"end":{"line":45,"column":43}},"13":{"start":{"line":46,"column":28},"end":{"line":46,"column":74}},"14":{"start":{"line":47,"column":32},"end":{"line":47,"column":53}},"15":{"start":{"line":50,"column":26},"end":{"line":50,"column":54}},"16":{"start":{"line":52,"column":22},"end":{"line":52,"column":54}},"17":{"start":{"line":54,"column":6},"end":{"line":62,"column":8}},"18":{"start":{"line":64,"column":6},"end":{"line":73,"column":8}},"19":{"start":{"line":81,"column":4},"end":{"line":81,"column":37}},"20":{"start":{"line":12,"column":0},"end":{"line":12,"column":13}}},"fnMap":{"0":{"name":"(anonymous_4)","decl":{"start":{"line":1,"column":9},"end":{"line":1,"column":26}},"loc":{"start":{"line":1,"column":9},"end":{"line":1,"column":55}}},"1":{"name":"(anonymous_5)","decl":{"start":{"line":2,"column":9},"end":{"line":2,"column":30}},"loc":{"start":{"line":2,"column":9},"end":{"line":2,"column":63}}},"2":{"name":"(anonymous_6)","decl":{"start":{"line":16,"column":2},"end":{"line":16,"column":14}},"loc":{"start":{"line":16,"column":36},"end":{"line":19,"column":3}}},"3":{"name":"(anonymous_7)","decl":{"start":{"line":24,"column":9},"end":{"line":24,"column":29}},"loc":{"start":{"line":24,"column":29},"end":{"line":26,"column":3}}},"4":{"name":"(anonymous_8)","decl":{"start":{"line":31,"column":9},"end":{"line":31,"column":33}},"loc":{"start":{"line":31,"column":33},"end":{"line":33,"column":3}}},"5":{"name":"(anonymous_9)","decl":{"start":{"line":38,"column":9},"end":{"line":38,"column":14}},"loc":{"start":{"line":38,"column":41},"end":{"line":75,"column":3}}},"6":{"name":"(anonymous_10)","decl":{"start":{"line":80,"column":9},"end":{"line":80,"column":16}},"loc":{"start":{"line":80,"column":16},"end":{"line":82,"column":3}}}},"branchMap":{"0":{"loc":{"start":{"line":52,"column":22},"end":{"line":52,"column":54}},"type":"binary-expr","locations":[{"start":{"line":52,"column":22},"end":{"line":52,"column":39}},{"start":{"line":52,"column":43},"end":{"line":52,"column":54}}]},"1":{"loc":{"start":{"line":70,"column":28},"end":{"line":70,"column":84}},"type":"cond-expr","locations":[{"start":{"line":70,"column":53},"end":{"line":70,"column":66}},{"start":{"line":70,"column":69},"end":{"line":70,"column":84}}]}},"s":{"0":1,"1":1,"2":1,"3":1,"4":1,"5":1,"6":1,"7":7,"8":7,"9":3,"10":2,"11":1,"12":1,"13":1,"14":1,"15":1,"16":1,"17":1,"18":0,"19":7,"20":1},"f":{"0":0,"1":0,"2":7,"3":3,"4":2,"5":1,"6":7},"b":{"0":[1,1],"1":[0,0]}}
,"/Users/chrismitchell/mobile_app/lib/security/desist-mobile-security/src/authentication/index.ts": {"path":"/Users/chrismitchell/mobile_app/lib/security/desist-mobile-security/src/authentication/index.ts","statementMap":{"0":{"start":{"line":1,"column":0},"end":{"line":1,"column":35}},"1":{"start":{"line":11,"column":4},"end":{"line":11,"column":25}},"2":{"start":{"line":20,"column":4},"end":{"line":20,"column":37}},"3":{"start":{"line":30,"column":4},"end":{"line":30,"column":52}},"4":{"start":{"line":40,"column":4},"end":{"line":59,"column":5}},"5":{"start":{"line":41,"column":30},"end":{"line":41,"column":50}},"6":{"start":{"line":43,"column":6},"end":{"line":47,"column":8}},"7":{"start":{"line":49,"column":6},"end":{"line":58,"column":8}},"8":{"start":{"line":7,"column":0},"end":{"line":7,"column":13}}},"fnMap":{"0":{"name":"(anonymous_9)","decl":{"start":{"line":10,"column":2},"end":{"line":10,"column":14}},"loc":{"start":{"line":10,"column":32},"end":{"line":12,"column":3}}},"1":{"name":"(anonymous_10)","decl":{"start":{"line":19,"column":9},"end":{"line":19,"column":14}},"loc":{"start":{"line":19,"column":44},"end":{"line":21,"column":3}}},"2":{"name":"(anonymous_11)","decl":{"start":{"line":29,"column":9},"end":{"line":29,"column":14}},"loc":{"start":{"line":29,"column":74},"end":{"line":31,"column":3}}},"3":{"name":"(anonymous_12)","decl":{"start":{"line":39,"column":9},"end":{"line":39,"column":14}},"loc":{"start":{"line":39,"column":69},"end":{"line":60,"column":3}}}},"branchMap":{"0":{"loc":{"start":{"line":55,"column":28},"end":{"line":55,"column":84}},"type":"cond-expr","locations":[{"start":{"line":55,"column":53},"end":{"line":55,"column":66}},{"start":{"line":55,"column":69},"end":{"line":55,"column":84}}]}},"s":{"0":1,"1":7,"2":1,"3":2,"4":0,"5":0,"6":0,"7":0,"8":1},"f":{"0":7,"1":1,"2":2,"3":0},"b":{"0":[0,0]}}
,"/Users/chrismitchell/mobile_app/lib/security/desist-mobile-security/src/encryption/index.ts": {"path":"/Users/chrismitchell/mobile_app/lib/security/desist-mobile-security/src/encryption/index.ts","statementMap":{"0":{"start":{"line":1,"column":0},"end":{"line":1,"column":33}},"1":{"start":{"line":5,"column":18},"end":{"line":5,"column":20}},"2":{"start":{"line":6,"column":27},"end":{"line":6,"column":29}},"3":{"start":{"line":7,"column":24},"end":{"line":7,"column":30}},"4":{"start":{"line":8,"column":24},"end":{"line":8,"column":26}},"5":{"start":{"line":9,"column":26},"end":{"line":9,"column":28}},"6":{"start":{"line":10,"column":22},"end":{"line":10,"column":23}},"7":{"start":{"line":11,"column":19},"end":{"line":11,"column":33}},"8":{"start":{"line":22,"column":4},"end":{"line":22,"column":25}},"9":{"start":{"line":23,"column":4},"end":{"line":23,"column":59}},"10":{"start":{"line":24,"column":4},"end":{"line":24,"column":28}},"11":{"start":{"line":34,"column":4},"end":{"line":54,"column":5}},"12":{"start":{"line":35,"column":18},"end":{"line":35,"column":82}},"13":{"start":{"line":36,"column":17},"end":{"line":36,"column":46}},"14":{"start":{"line":38,"column":6},"end":{"line":42,"column":7}},"15":{"start":{"line":39,"column":8},"end":{"line":39,"column":49}},"16":{"start":{"line":41,"column":8},"end":{"line":41,"column":49}},"17":{"start":{"line":44,"column":6},"end":{"line":53,"column":8}},"18":{"start":{"line":64,"column":4},"end":{"line":83,"column":5}},"19":{"start":{"line":65,"column":18},"end":{"line":65,"column":82}},"20":{"start":{"line":67,"column":6},"end":{"line":71,"column":7}},"21":{"start":{"line":68,"column":8},"end":{"line":68,"column":57}},"22":{"start":{"line":70,"column":8},"end":{"line":70,"column":57}},"23":{"start":{"line":73,"column":6},"end":{"line":82,"column":8}},"24":{"start":{"line":93,"column":22},"end":{"line":93,"column":75}},"25":{"start":{"line":94,"column":4},"end":{"line":94,"column":106}},"26":{"start":{"line":105,"column":21},"end":{"line":105,"column":48}},"27":{"start":{"line":106,"column":4},"end":{"line":106,"column":48}},"28":{"start":{"line":115,"column":4},"end":{"line":115,"column":57}},"29":{"start":{"line":122,"column":4},"end":{"line":146,"column":5}},"30":{"start":{"line":124,"column":22},"end":{"line":124,"column":36}},"31":{"start":{"line":125,"column":6},"end":{"line":125,"column":48}},"32":{"start":{"line":130,"column":6},"end":{"line":134,"column":8}},"33":{"start":{"line":136,"column":6},"end":{"line":145,"column":8}},"34":{"start":{"line":150,"column":22},"end":{"line":150,"column":45}},"35":{"start":{"line":151,"column":19},"end":{"line":151,"column":70}},"36":{"start":{"line":152,"column":4},"end":{"line":152,"column":60}},"37":{"start":{"line":154,"column":20},"end":{"line":154,"column":54}},"38":{"start":{"line":155,"column":4},"end":{"line":155,"column":37}},"39":{"start":{"line":157,"column":16},"end":{"line":157,"column":35}},"40":{"start":{"line":159,"column":4},"end":{"line":168,"column":6}},"41":{"start":{"line":172,"column":22},"end":{"line":172,"column":45}},"42":{"start":{"line":173,"column":19},"end":{"line":173,"column":70}},"43":{"start":{"line":174,"column":20},"end":{"line":174,"column":54}},"44":{"start":{"line":175,"column":4},"end":{"line":175,"column":37}},"45":{"start":{"line":177,"column":4},"end":{"line":185,"column":6}},"46":{"start":{"line":189,"column":4},"end":{"line":191,"column":5}},"47":{"start":{"line":190,"column":6},"end":{"line":190,"column":60}},"48":{"start":{"line":193,"column":22},"end":{"line":193,"column":45}},"49":{"start":{"line":194,"column":21},"end":{"line":194,"column":60}},"50":{"start":{"line":195,"column":21},"end":{"line":195,"column":80}},"51":{"start":{"line":196,"column":4},"end":{"line":196,"column":62}},"52":{"start":{"line":197,"column":4},"end":{"line":197,"column":66}},"53":{"start":{"line":199,"column":20},"end":{"line":199,"column":82}},"54":{"start":{"line":200,"column":4},"end":{"line":200,"column":40}},"55":{"start":{"line":202,"column":4},"end":{"line":206,"column":6}},"56":{"start":{"line":210,"column":22},"end":{"line":210,"column":45}},"57":{"start":{"line":211,"column":21},"end":{"line":211,"column":60}},"58":{"start":{"line":212,"column":21},"end":{"line":212,"column":80}},"59":{"start":{"line":213,"column":20},"end":{"line":213,"column":82}},"60":{"start":{"line":214,"column":4},"end":{"line":214,"column":40}},"61":{"start":{"line":216,"column":4},"end":{"line":220,"column":6}},"62":{"start":{"line":224,"column":22},"end":{"line":224,"column":44}},"63":{"start":{"line":225,"column":4},"end":{"line":225,"column":112}},"64":{"start":{"line":229,"column":4},"end":{"line":229,"column":83}},"65":{"start":{"line":233,"column":4},"end":{"line":238,"column":5}},"66":{"start":{"line":234,"column":25},"end":{"line":234,"column":69}},"67":{"start":{"line":235,"column":6},"end":{"line":237,"column":50}},"68":{"start":{"line":236,"column":8},"end":{"line":236,"column":31}},"69":{"start":{"line":242,"column":4},"end":{"line":244,"column":5}},"70":{"start":{"line":243,"column":6},"end":{"line":243,"column":19}},"71":{"start":{"line":246,"column":17},"end":{"line":246,"column":18}},"72":{"start":{"line":247,"column":4},"end":{"line":249,"column":5}},"73":{"start":{"line":247,"column":17},"end":{"line":247,"column":18}},"74":{"start":{"line":248,"column":6},"end":{"line":248,"column":50}},"75":{"start":{"line":251,"column":4},"end":{"line":251,"column":24}},"76":{"start":{"line":258,"column":4},"end":{"line":260,"column":5}},"77":{"start":{"line":259,"column":6},"end":{"line":259,"column":43}},"78":{"start":{"line":262,"column":4},"end":{"line":262,"column":24}},"79":{"start":{"line":16,"column":0},"end":{"line":16,"column":13}}},"fnMap":{"0":{"name":"(anonymous_9)","decl":{"start":{"line":21,"column":2},"end":{"line":21,"column":14}},"loc":{"start":{"line":21,"column":58},"end":{"line":25,"column":3}}},"1":{"name":"(anonymous_10)","decl":{"start":{"line":33,"column":9},"end":{"line":33,"column":14}},"loc":{"start":{"line":33,"column":54},"end":{"line":55,"column":3}}},"2":{"name":"(anonymous_11)","decl":{"start":{"line":63,"column":9},"end":{"line":63,"column":14}},"loc":{"start":{"line":63,"column":76},"end":{"line":84,"column":3}}},"3":{"name":"(anonymous_12)","decl":{"start":{"line":92,"column":9},"end":{"line":92,"column":19}},"loc":{"start":{"line":92,"column":47},"end":{"line":95,"column":3}}},"4":{"name":"(anonymous_13)","decl":{"start":{"line":104,"column":9},"end":{"line":104,"column":19}},"loc":{"start":{"line":104,"column":60},"end":{"line":107,"column":3}}},"5":{"name":"(anonymous_14)","decl":{"start":{"line":114,"column":9},"end":{"line":114,"column":26}},"loc":{"start":{"line":114,"column":62},"end":{"line":116,"column":3}}},"6":{"name":"(anonymous_15)","decl":{"start":{"line":121,"column":9},"end":{"line":121,"column":14}},"loc":{"start":{"line":121,"column":30},"end":{"line":147,"column":3}}},"7":{"name":"(anonymous_16)","decl":{"start":{"line":149,"column":10},"end":{"line":149,"column":23}},"loc":{"start":{"line":149,"column":61},"end":{"line":169,"column":3}}},"8":{"name":"(anonymous_17)","decl":{"start":{"line":171,"column":10},"end":{"line":171,"column":23}},"loc":{"start":{"line":171,"column":61},"end":{"line":186,"column":3}}},"9":{"name":"(anonymous_18)","decl":{"start":{"line":188,"column":10},"end":{"line":188,"column":23}},"loc":{"start":{"line":188,"column":71},"end":{"line":207,"column":3}}},"10":{"name":"(anonymous_19)","decl":{"start":{"line":209,"column":10},"end":{"line":209,"column":23}},"loc":{"start":{"line":209,"column":71},"end":{"line":221,"column":3}}},"11":{"name":"(anonymous_20)","decl":{"start":{"line":223,"column":10},"end":{"line":223,"column":31}},"loc":{"start":{"line":223,"column":63},"end":{"line":226,"column":3}}},"12":{"name":"(anonymous_21)","decl":{"start":{"line":228,"column":10},"end":{"line":228,"column":27}},"loc":{"start":{"line":228,"column":27},"end":{"line":230,"column":3}}},"13":{"name":"(anonymous_22)","decl":{"start":{"line":232,"column":10},"end":{"line":232,"column":26}},"loc":{"start":{"line":232,"column":26},"end":{"line":239,"column":3}}},"14":{"name":"(anonymous_23)","decl":{"start":{"line":235,"column":42},"end":{"line":235,"column":45}},"loc":{"start":{"line":235,"column":47},"end":{"line":237,"column":7}}},"15":{"name":"(anonymous_24)","decl":{"start":{"line":241,"column":10},"end":{"line":241,"column":25}},"loc":{"start":{"line":241,"column":46},"end":{"line":252,"column":3}}},"16":{"name":"(anonymous_25)","decl":{"start":{"line":257,"column":9},"end":{"line":257,"column":16}},"loc":{"start":{"line":257,"column":16},"end":{"line":263,"column":3}}}},"branchMap":{"0":{"loc":{"start":{"line":23,"column":21},"end":{"line":23,"column":58}},"type":"binary-expr","locations":[{"start":{"line":23,"column":21},"end":{"line":23,"column":30}},{"start":{"line":23,"column":34},"end":{"line":23,"column":58}}]},"1":{"loc":{"start":{"line":35,"column":18},"end":{"line":35,"column":82}},"type":"cond-expr","locations":[{"start":{"line":35,"column":29},"end":{"line":35,"column":65}},{"start":{"line":35,"column":68},"end":{"line":35,"column":82}}]},"2":{"loc":{"start":{"line":38,"column":6},"end":{"line":42,"column":7}},"type":"if","locations":[{"start":{"line":38,"column":6},"end":{"line":42,"column":7}},{"start":{"line":40,"column":13},"end":{"line":42,"column":7}}]},"3":{"loc":{"start":{"line":50,"column":28},"end":{"line":50,"column":84}},"type":"cond-expr","locations":[{"start":{"line":50,"column":53},"end":{"line":50,"column":66}},{"start":{"line":50,"column":69},"end":{"line":50,"column":84}}]},"4":{"loc":{"start":{"line":65,"column":18},"end":{"line":65,"column":82}},"type":"cond-expr","locations":[{"start":{"line":65,"column":29},"end":{"line":65,"column":65}},{"start":{"line":65,"column":68},"end":{"line":65,"column":82}}]},"5":{"loc":{"start":{"line":67,"column":6},"end":{"line":71,"column":7}},"type":"if","locations":[{"start":{"line":67,"column":6},"end":{"line":71,"column":7}},{"start":{"line":69,"column":13},"end":{"line":71,"column":7}}]},"6":{"loc":{"start":{"line":79,"column":28},"end":{"line":79,"column":84}},"type":"cond-expr","locations":[{"start":{"line":79,"column":53},"end":{"line":79,"column":66}},{"start":{"line":79,"column":69},"end":{"line":79,"column":84}}]},"7":{"loc":{"start":{"line":93,"column":22},"end":{"line":93,"column":75}},"type":"binary-expr","locations":[{"start":{"line":93,"column":22},"end":{"line":93,"column":26}},{"start":{"line":93,"column":30},"end":{"line":93,"column":75}}]},"8":{"loc":{"start":{"line":114,"column":27},"end":{"line":114,"column":62}},"type":"default-arg","locations":[{"start":{"line":114,"column":44},"end":{"line":114,"column":62}}]},"9":{"loc":{"start":{"line":142,"column":28},"end":{"line":142,"column":84}},"type":"cond-expr","locations":[{"start":{"line":142,"column":53},"end":{"line":142,"column":66}},{"start":{"line":142,"column":69},"end":{"line":142,"column":84}}]},"10":{"loc":{"start":{"line":189,"column":4},"end":{"line":191,"column":5}},"type":"if","locations":[{"start":{"line":189,"column":4},"end":{"line":191,"column":5}},{"start":{},"end":{}}]},"11":{"loc":{"start":{"line":224,"column":22},"end":{"line":224,"column":44}},"type":"binary-expr","locations":[{"start":{"line":224,"column":22},"end":{"line":224,"column":26}},{"start":{"line":224,"column":30},"end":{"line":224,"column":44}}]},"12":{"loc":{"start":{"line":233,"column":4},"end":{"line":238,"column":5}},"type":"if","locations":[{"start":{"line":233,"column":4},"end":{"line":238,"column":5}},{"start":{},"end":{}}]},"13":{"loc":{"start":{"line":242,"column":4},"end":{"line":244,"column":5}},"type":"if","locations":[{"start":{"line":242,"column":4},"end":{"line":244,"column":5}},{"start":{},"end":{}}]},"14":{"loc":{"start":{"line":258,"column":4},"end":{"line":260,"column":5}},"type":"if","locations":[{"start":{"line":258,"column":4},"end":{"line":260,"column":5}},{"start":{},"end":{}}]}},"s":{"0":1,"1":1,"2":1,"3":1,"4":1,"5":1,"6":1,"7":1,"8":7,"9":7,"10":7,"11":2,"12":2,"13":2,"14":2,"15":2,"16":0,"17":0,"18":1,"19":1,"20":1,"21":1,"22":0,"23":0,"24":0,"25":0,"26":0,"27":0,"28":2,"29":0,"30":0,"31":0,"32":0,"33":0,"34":2,"35":2,"36":2,"37":2,"38":2,"39":2,"40":2,"41":0,"42":0,"43":0,"44":0,"45":0,"46":1,"47":0,"48":1,"49":1,"50":1,"51":1,"52":1,"53":1,"54":1,"55":1,"56":0,"57":0,"58":0,"59":0,"60":0,"61":0,"62":0,"63":0,"64":7,"65":7,"66":7,"67":7,"68":0,"69":0,"70":0,"71":0,"72":0,"73":0,"74":0,"75":0,"76":7,"77":7,"78":7,"79":1},"f":{"0":7,"1":2,"2":1,"3":0,"4":0,"5":2,"6":0,"7":2,"8":0,"9":1,"10":0,"11":0,"12":7,"13":7,"14":0,"15":0,"16":7},"b":{"0":[7,7],"1":[0,2],"2":[2,0],"3":[0,0],"4":[0,1],"5":[1,0],"6":[0,0],"7":[0,0],"8":[2],"9":[0,0],"10":[0,1],"11":[0,0],"12":[7,0],"13":[0,0],"14":[7,0]}}
,"/Users/chrismitchell/mobile_app/lib/security/desist-mobile-security/src/types/index.ts": {"path":"/Users/chrismitchell/mobile_app/lib/security/desist-mobile-security/src/types/index.ts","statementMap":{"0":{"start":{"line":5,"column":13},"end":{"line":8,"column":11}}},"fnMap":{},"branchMap":{},"s":{"0":1},"f":{},"b":{}}
}
