TN:
SF:src/index.ts
FN:1,(anonymous_4)
FN:2,(anonymous_5)
FN:16,(anonymous_6)
FN:24,(anonymous_7)
FN:31,(anonymous_8)
FN:38,(anonymous_9)
FN:80,(anonymous_10)
FNF:7
FNH:5
FNDA:0,(anonymous_4)
FNDA:0,(anonymous_5)
FNDA:7,(anonymous_6)
FNDA:3,(anonymous_7)
FNDA:2,(anonymous_8)
FNDA:1,(anonymous_9)
FNDA:7,(anonymous_10)
DA:1,1
DA:2,1
DA:3,1
DA:5,1
DA:6,1
DA:12,1
DA:17,7
DA:18,7
DA:25,3
DA:32,2
DA:43,1
DA:45,1
DA:46,1
DA:47,1
DA:50,1
DA:52,1
DA:54,1
DA:64,0
DA:81,7
LF:19
LH:18
BRDA:52,0,0,1
BRDA:52,0,1,1
BRDA:70,1,0,0
BRDA:70,1,1,0
BRF:4
BRH:2
end_of_record
TN:
SF:src/authentication/index.ts
FN:10,(anonymous_9)
FN:19,(anonymous_10)
FN:29,(anonymous_11)
FN:39,(anonymous_12)
FNF:4
FNH:3
FNDA:7,(anonymous_9)
FNDA:1,(anonymous_10)
FNDA:2,(anonymous_11)
FNDA:0,(anonymous_12)
DA:1,1
DA:7,1
DA:11,7
DA:20,1
DA:30,2
DA:40,0
DA:41,0
DA:43,0
DA:49,0
LF:9
LH:5
BRDA:55,0,0,0
BRDA:55,0,1,0
BRF:2
BRH:0
end_of_record
TN:
SF:src/encryption/index.ts
FN:21,(anonymous_9)
FN:33,(anonymous_10)
FN:63,(anonymous_11)
FN:92,(anonymous_12)
FN:104,(anonymous_13)
FN:114,(anonymous_14)
FN:121,(anonymous_15)
FN:149,(anonymous_16)
FN:171,(anonymous_17)
FN:188,(anonymous_18)
FN:209,(anonymous_19)
FN:223,(anonymous_20)
FN:228,(anonymous_21)
FN:232,(anonymous_22)
FN:235,(anonymous_23)
FN:241,(anonymous_24)
FN:257,(anonymous_25)
FNF:17
FNH:9
FNDA:7,(anonymous_9)
FNDA:2,(anonymous_10)
FNDA:1,(anonymous_11)
FNDA:0,(anonymous_12)
FNDA:0,(anonymous_13)
FNDA:2,(anonymous_14)
FNDA:0,(anonymous_15)
FNDA:2,(anonymous_16)
FNDA:0,(anonymous_17)
FNDA:1,(anonymous_18)
FNDA:0,(anonymous_19)
FNDA:0,(anonymous_20)
FNDA:7,(anonymous_21)
FNDA:7,(anonymous_22)
FNDA:0,(anonymous_23)
FNDA:0,(anonymous_24)
FNDA:7,(anonymous_25)
DA:1,1
DA:5,1
DA:6,1
DA:7,1
DA:8,1
DA:9,1
DA:10,1
DA:11,1
DA:16,1
DA:22,7
DA:23,7
DA:24,7
DA:34,2
DA:35,2
DA:36,2
DA:38,2
DA:39,2
DA:41,0
DA:44,0
DA:64,1
DA:65,1
DA:67,1
DA:68,1
DA:70,0
DA:73,0
DA:93,0
DA:94,0
DA:105,0
DA:106,0
DA:115,2
DA:122,0
DA:124,0
DA:125,0
DA:130,0
DA:136,0
DA:150,2
DA:151,2
DA:152,2
DA:154,2
DA:155,2
DA:157,2
DA:159,2
DA:172,0
DA:173,0
DA:174,0
DA:175,0
DA:177,0
DA:189,1
DA:190,0
DA:193,1
DA:194,1
DA:195,1
DA:196,1
DA:197,1
DA:199,1
DA:200,1
DA:202,1
DA:210,0
DA:211,0
DA:212,0
DA:213,0
DA:214,0
DA:216,0
DA:224,0
DA:225,0
DA:229,7
DA:233,7
DA:234,7
DA:235,7
DA:236,0
DA:242,0
DA:243,0
DA:246,0
DA:247,0
DA:248,0
DA:251,0
DA:258,7
DA:259,7
DA:262,7
LF:79
LH:45
BRDA:23,0,0,7
BRDA:23,0,1,7
BRDA:35,1,0,0
BRDA:35,1,1,2
BRDA:38,2,0,2
BRDA:38,2,1,0
BRDA:50,3,0,0
BRDA:50,3,1,0
BRDA:65,4,0,0
BRDA:65,4,1,1
BRDA:67,5,0,1
BRDA:67,5,1,0
BRDA:79,6,0,0
BRDA:79,6,1,0
BRDA:93,7,0,0
BRDA:93,7,1,0
BRDA:114,8,0,2
BRDA:142,9,0,0
BRDA:142,9,1,0
BRDA:189,10,0,0
BRDA:189,10,1,1
BRDA:224,11,0,0
BRDA:224,11,1,0
BRDA:233,12,0,7
BRDA:233,12,1,0
BRDA:242,13,0,0
BRDA:242,13,1,0
BRDA:258,14,0,7
BRDA:258,14,1,0
BRF:29
BRH:10
end_of_record
TN:
SF:src/types/index.ts
FNF:0
FNH:0
DA:5,1
LF:1
LH:1
BRF:0
BRH:0
end_of_record
